model_selector:DEBUG 2021-12-23 19:50:06,807 -  Starting Class
model_selector:DEBUG 2021-12-23 19:50:06,811 -  Current train.head()
   numchilds  meaneduc  overcrowding  isprecarious  Target  walltype  wallquality  floortype  floorqual  roofqual  region  dependency  headescolari  sumelectronics
0          0     10.00          1.00             0       4         6            2          5          1         1       1        0.00            10            1.00
1          0     12.00          1.00             0       4         4            2          4          2         2       1       10.00            12            2.00
2          0     11.00          0.50             0       4         4            2          5          3         3       1       10.00            11            0.00
5          1     11.00          1.30             0       4         6            3          5          3         3       1        1.00            11            4.00
8          2     10.00          4.00             0       4         6            1          5          2         1       1        1.00             9            1.00
model_selector:DEBUG 2021-12-23 19:50:06,815 -  Current train.info()
<class 'pandas.core.frame.DataFrame'>
Int64Index: 2973 entries, 0 to 9552
Data columns (total 14 columns):
 #   Column          Non-Null Count  Dtype  
---  ------          --------------  -----  
 0   numchilds       2973 non-null   int64  
 1   meaneduc        2973 non-null   float64
 2   overcrowding    2973 non-null   float64
 3   isprecarious    2973 non-null   int64  
 4   Target          2973 non-null   int64  
 5   walltype        2973 non-null   int64  
 6   wallquality     2973 non-null   int64  
 7   floortype       2973 non-null   int64  
 8   floorqual       2973 non-null   int64  
 9   roofqual        2973 non-null   int64  
 10  region          2973 non-null   int64  
 11  dependency      2973 non-null   float64
 12  headescolari    2973 non-null   int64  
 13  sumelectronics  2973 non-null   float64
dtypes: float64(4), int64(10)
memory usage: 348.4 KB

model_selector:DEBUG 2021-12-23 19:50:06,836 -  Current train.describe()
       numchilds  meaneduc  overcrowding  isprecarious   Target  walltype  wallquality  floortype  floorqual  roofqual   region  dependency  headescolari  sumelectronics
count   2,973.00  2,973.00      2,973.00      2,973.00 2,973.00  2,973.00     2,973.00   2,973.00   2,973.00  2,973.00 2,973.00    2,973.00      2,973.00        2,973.00
mean        0.53      9.14          1.38          0.02     3.36      5.26         2.49       4.45       2.56      2.46     2.23        1.45          8.15            2.81
std         0.86      4.40          0.75          0.12     0.99      1.11         0.67       0.92       0.66      0.72     1.73        2.67          4.52            1.75
min         0.00      0.00          0.20          0.00     1.00      1.00         1.00       1.00       1.00      1.00     1.00        0.00          0.00            0.00
25%         0.00      6.00          1.00          0.00     3.00      5.00         2.00       4.00       2.00      2.00     1.00        0.00          6.00            2.00
50%         0.00      8.67          1.30          0.00     4.00      6.00         3.00       5.00       3.00      3.00     1.00        0.50          7.00            2.00
75%         1.00     12.00          1.70          0.00     4.00      6.00         3.00       5.00       3.00      3.00     4.00        1.00         11.00            4.00
max         7.00     37.00          6.00          1.00     4.00      6.00         3.00       5.00       3.00      3.00     6.00       10.00         21.00           14.00
model_selector:DEBUG 2021-12-23 19:50:06,839 -  Current test.head()
   numchilds  meaneduc  overcrowding  isprecarious  walltype  wallquality  floortype  floorqual  roofqual  region  dependency  headescolari  sumelectronics
2          1     16.50          1.50             0         6            3          5          3         3       1        0.50            17            3.00
3          0     16.00          1.00             0         6            3          5          3         3       1        0.00            16            4.00
4          0      0.00          0.50             0         6            2          5          3         3       1       10.00            11            2.00
6          0     13.50          1.00             0         6            2          4          3         2       1        0.00            11            3.00
8          0     14.00          0.50             0         6            3          5          3         3       1        0.00            14            3.00
model_selector:DEBUG 2021-12-23 19:50:06,843 -  Current test.info()
<class 'pandas.core.frame.DataFrame'>
Int64Index: 7334 entries, 2 to 23852
Data columns (total 13 columns):
 #   Column          Non-Null Count  Dtype  
---  ------          --------------  -----  
 0   numchilds       7334 non-null   int64  
 1   meaneduc        7334 non-null   float64
 2   overcrowding    7334 non-null   float64
 3   isprecarious    7334 non-null   int64  
 4   walltype        7334 non-null   int64  
 5   wallquality     7334 non-null   int64  
 6   floortype       7334 non-null   int64  
 7   floorqual       7334 non-null   int64  
 8   roofqual        7334 non-null   int64  
 9   region          7334 non-null   int64  
 10  dependency      7334 non-null   float64
 11  headescolari    7334 non-null   int64  
 12  sumelectronics  7334 non-null   float64
dtypes: float64(4), int64(9)
memory usage: 802.2 KB

model_selector:DEBUG 2021-12-23 19:50:06,863 -  Current test.describe()
       numchilds  meaneduc  overcrowding  isprecarious  walltype  wallquality  floortype  floorqual  roofqual   region  dependency  headescolari  sumelectronics
count   7,334.00  7,334.00      7,334.00      7,334.00  7,334.00     7,334.00   7,334.00   7,334.00  7,334.00 7,334.00    7,334.00      7,334.00        7,334.00
mean        0.54      9.02          1.40          0.02      5.25         2.47       4.44       2.54      2.46     2.27        1.53          8.08            2.83
std         0.88      4.30          0.81          0.13      1.11         0.68       0.92       0.67      0.70     1.74        2.77          4.51            1.76
min         0.00      0.00          0.10          0.00      1.00         1.00       1.00       1.00      1.00     1.00        0.00          0.00            0.00
25%         0.00      6.00          1.00          0.00      5.00         2.00       4.00       2.00      2.00     1.00        0.00          6.00            2.00
50%         0.00      8.50          1.30          0.00      6.00         3.00       5.00       3.00      3.00     1.00        0.50          6.00            2.00
75%         1.00     11.67          1.70          0.00      6.00         3.00       5.00       3.00      3.00     4.00        1.00         11.00            4.00
max         9.00     36.00         13.00          1.00      6.00         3.00       5.00       3.00      3.00     6.00       10.00         21.00           13.00
model_selector:DEBUG 2021-12-23 19:50:06,863 -  Creating X and y dataframes
model_selector:DEBUG 2021-12-23 19:50:06,864 -  Creating train test split
model_selector:DEBUG 2021-12-23 19:50:07,491 -  KNeighborsClassifier()'s best score: -2.006869144751618
model_selector:DEBUG 2021-12-23 19:50:07,491 -  KNeighborsClassifier()'s best parameters: OrderedDict([('leaf_size', 81), ('n_neighbors', 18), ('weights', 'distance')])
model_selector:DEBUG 2021-12-23 19:50:07,512 -  Kneighbor's result: 0.32086791877093557
model_selector:DEBUG 2021-12-23 19:50:07,728 -  DecisionTreeClassifier(random_state=42)'s best score: -2.53951287541092
model_selector:DEBUG 2021-12-23 19:50:07,728 -  DecisionTreeClassifier(random_state=42)'s best parameters: OrderedDict([('criterion', 'gini'), ('max_depth', 127), ('max_leaf_nodes', 148), ('min_samples_split', 43), ('splitter', 'random')])
model_selector:DEBUG 2021-12-23 19:50:07,737 -  Decision Tree's result: 0.31193282754621043
model_selector:DEBUG 2021-12-23 19:51:07,631 -  RandomForestClassifier(random_state=42)'s best score: -0.8375214799120616
model_selector:DEBUG 2021-12-23 19:51:07,631 -  RandomForestClassifier(random_state=42)'s best parameters: OrderedDict([('criterion', 'gini'), ('max_leaf_nodes', 101), ('min_samples_split', 13), ('n_estimators', 1971)])
model_selector:DEBUG 2021-12-23 19:51:08,964 -  Random Forest's result: 0.2668580615525953
model_selector:DEBUG 2021-12-23 19:51:48,618 -  AdaBoostClassifier(random_state=42)'s best score: -1.2860481119433556
model_selector:DEBUG 2021-12-23 19:51:48,618 -  AdaBoostClassifier(random_state=42)'s best parameters: OrderedDict([('learning_rate', 0.01249857531949076), ('n_estimators', 931)])
model_selector:DEBUG 2021-12-23 19:51:49,520 -  AdaBoost's result: 0.3010365385275306
model_selector:DEBUG 2021-12-23 19:51:55,287 -  XGBClassifier(base_score=None, booster=None, colsample_bylevel=None,
              colsample_bynode=None, colsample_bytree=None,
              eval_metric=make_scorer(f1_score, average=macro, eval_metric=mlogloss),
              gamma=None, gpu_id=None, importance_type='gain',
              interaction_constraints=None, learning_rate=None,
              max_delta_step=None, max_depth=None, min_child_weight=None,
              missing=nan, monotone_constraints=None, n_estimators=100,
              n_jobs=None, num_parallel_tree=None, random_state=42,
              reg_alpha=None, reg_lambda=None, scale_pos_weight=None,
              subsample=None, tree_method=None, validate_parameters=None,
              verbosity=0)'s best score: -0.8432956498351686
model_selector:DEBUG 2021-12-23 19:51:55,288 -  XGBClassifier(base_score=None, booster=None, colsample_bylevel=None,
              colsample_bynode=None, colsample_bytree=None,
              eval_metric=make_scorer(f1_score, average=macro, eval_metric=mlogloss),
              gamma=None, gpu_id=None, importance_type='gain',
              interaction_constraints=None, learning_rate=None,
              max_delta_step=None, max_depth=None, min_child_weight=None,
              missing=nan, monotone_constraints=None, n_estimators=100,
              n_jobs=None, num_parallel_tree=None, random_state=42,
              reg_alpha=None, reg_lambda=None, scale_pos_weight=None,
              subsample=None, tree_method=None, validate_parameters=None,
              verbosity=0)'s best parameters: OrderedDict([('colsample_bytree', 0.5492384138286286), ('learning_rate', 0.19658918164049893), ('max_depth', 76), ('n_estimators', 94), ('reg_alpha', 17.292429012468926), ('subsample', 0.6429947487508294)])
model_selector:DEBUG 2021-12-23 19:51:55,541 -  XGBoost's result: 0.2296023564064801
model_selector:DEBUG 2021-12-23 19:51:55,542 -  The best model was XGBoost
model_selector:DEBUG 2021-12-23 19:51:55,542 -  Closing Class
